<?xml version="1.0" encoding="UTF-8"?>
<testng-results ignored="0" total="3" passed="3" failed="0" skipped="0">
  <reporter-output>
    <line>
      <![CDATA[Login Done ]]>
    </line>
    <line>
      <![CDATA[LoginWith Valid Data TC003 Finished ]]>
    </line>
    <line>
      <![CDATA[Logout Done]]>
    </line>
    <line>
      <![CDATA[Login Done ]]>
    </line>
    <line>
      <![CDATA[LoginWith Valid Data TC003 Finished ]]>
    </line>
    <line>
      <![CDATA[Logout Done]]>
    </line>
    <line>
      <![CDATA[Login Done ]]>
    </line>
    <line>
      <![CDATA[LoginWith Valid Data TC003 Finished ]]>
    </line>
    <line>
      <![CDATA[Logout Done]]>
    </line>
  </reporter-output>
  <suite started-at="2024-09-11T13:25:26 IST" name="Master" finished-at="2024-09-11T13:26:06 IST" duration-ms="39561">
    <groups>
      <group name="Master">
        <method signature="TC003LoginWithValidDataTest.loginWithValidData()[pri:0, instance:testCases.TC003LoginWithValidDataTest@6bd61f98]" name="loginWithValidData" class="testCases.TC003LoginWithValidDataTest"/>
        <method signature="TC003LoginWithValidDataTest.loginWithValidData()[pri:0, instance:testCases.TC003LoginWithValidDataTest@738dc9b]" name="loginWithValidData" class="testCases.TC003LoginWithValidDataTest"/>
        <method signature="TC003LoginWithValidDataTest.loginWithValidData()[pri:0, instance:testCases.TC003LoginWithValidDataTest@63376bed]" name="loginWithValidData" class="testCases.TC003LoginWithValidDataTest"/>
      </group> <!-- Master -->
      <group name="Sanity">
        <method signature="TC003LoginWithValidDataTest.loginWithValidData()[pri:0, instance:testCases.TC003LoginWithValidDataTest@6bd61f98]" name="loginWithValidData" class="testCases.TC003LoginWithValidDataTest"/>
        <method signature="TC003LoginWithValidDataTest.loginWithValidData()[pri:0, instance:testCases.TC003LoginWithValidDataTest@738dc9b]" name="loginWithValidData" class="testCases.TC003LoginWithValidDataTest"/>
        <method signature="TC003LoginWithValidDataTest.loginWithValidData()[pri:0, instance:testCases.TC003LoginWithValidDataTest@63376bed]" name="loginWithValidData" class="testCases.TC003LoginWithValidDataTest"/>
      </group> <!-- Sanity -->
    </groups>
    <test started-at="2024-09-11T13:25:26 IST" name="ChromeTest" finished-at="2024-09-11T13:25:37 IST" duration-ms="11215">
      <class name="testCases.TC003LoginWithValidDataTest">
        <test-method is-config="true" signature="setUp(java.lang.String,java.lang.String)[pri:0, instance:testCases.TC003LoginWithValidDataTest@6bd61f98]" started-at="2024-09-11T13:25:27 IST" name="setUp" finished-at="2024-09-11T13:25:33 IST" duration-ms="6485" status="PASS">
          <params>
            <param index="0">
              <value>
                <![CDATA[windows]]>
              </value>
            </param>
            <param index="1">
              <value>
                <![CDATA[chrome]]>
              </value>
            </param>
          </params>
          <reporter-output>
          </reporter-output>
        </test-method> <!-- setUp -->
        <test-method is-config="true" signature="login()[pri:0, instance:testCases.TC003LoginWithValidDataTest@6bd61f98]" started-at="2024-09-11T13:25:33 IST" name="login" finished-at="2024-09-11T13:25:33 IST" duration-ms="1" status="PASS">
          <reporter-output>
            <line>
              <![CDATA[Login Done ]]>
            </line>
          </reporter-output>
        </test-method> <!-- login -->
        <test-method signature="loginWithValidData()[pri:0, instance:testCases.TC003LoginWithValidDataTest@6bd61f98]" started-at="2024-09-11T13:25:33 IST" name="loginWithValidData" finished-at="2024-09-11T13:25:37 IST" duration-ms="3541" status="PASS">
          <reporter-output>
            <line>
              <![CDATA[LoginWith Valid Data TC003 Finished ]]>
            </line>
          </reporter-output>
        </test-method> <!-- loginWithValidData -->
        <test-method is-config="true" signature="closeSetup()[pri:0, instance:testCases.TC003LoginWithValidDataTest@6bd61f98]" started-at="2024-09-11T13:25:37 IST" name="closeSetup" finished-at="2024-09-11T13:25:37 IST" duration-ms="363" status="PASS">
          <reporter-output>
          </reporter-output>
        </test-method> <!-- closeSetup -->
        <test-method is-config="true" signature="logout()[pri:0, instance:testCases.TC003LoginWithValidDataTest@6bd61f98]" started-at="2024-09-11T13:25:37 IST" name="logout" finished-at="2024-09-11T13:25:37 IST" duration-ms="1" status="PASS">
          <reporter-output>
            <line>
              <![CDATA[Logout Done]]>
            </line>
          </reporter-output>
        </test-method> <!-- logout -->
      </class> <!-- testCases.TC003LoginWithValidDataTest -->
    </test> <!-- ChromeTest -->
    <test started-at="2024-09-11T13:25:39 IST" name="edgetext" finished-at="2024-09-11T13:25:49 IST" duration-ms="9873">
      <class name="testCases.TC003LoginWithValidDataTest">
        <test-method is-config="true" signature="setUp(java.lang.String,java.lang.String)[pri:0, instance:testCases.TC003LoginWithValidDataTest@738dc9b]" started-at="2024-09-11T13:25:39 IST" name="setUp" finished-at="2024-09-11T13:25:44 IST" duration-ms="5462" status="PASS">
          <params>
            <param index="0">
              <value>
                <![CDATA[windows]]>
              </value>
            </param>
            <param index="1">
              <value>
                <![CDATA[edge]]>
              </value>
            </param>
          </params>
          <reporter-output>
          </reporter-output>
        </test-method> <!-- setUp -->
        <test-method is-config="true" signature="login()[pri:0, instance:testCases.TC003LoginWithValidDataTest@738dc9b]" started-at="2024-09-11T13:25:44 IST" name="login" finished-at="2024-09-11T13:25:44 IST" duration-ms="3" status="PASS">
          <reporter-output>
            <line>
              <![CDATA[Login Done ]]>
            </line>
          </reporter-output>
        </test-method> <!-- login -->
        <test-method signature="loginWithValidData()[pri:0, instance:testCases.TC003LoginWithValidDataTest@738dc9b]" started-at="2024-09-11T13:25:44 IST" name="loginWithValidData" finished-at="2024-09-11T13:25:47 IST" duration-ms="2861" status="PASS">
          <reporter-output>
            <line>
              <![CDATA[LoginWith Valid Data TC003 Finished ]]>
            </line>
          </reporter-output>
        </test-method> <!-- loginWithValidData -->
        <test-method is-config="true" signature="closeSetup()[pri:0, instance:testCases.TC003LoginWithValidDataTest@738dc9b]" started-at="2024-09-11T13:25:47 IST" name="closeSetup" finished-at="2024-09-11T13:25:49 IST" duration-ms="1530" status="PASS">
          <reporter-output>
          </reporter-output>
        </test-method> <!-- closeSetup -->
        <test-method is-config="true" signature="logout()[pri:0, instance:testCases.TC003LoginWithValidDataTest@738dc9b]" started-at="2024-09-11T13:25:49 IST" name="logout" finished-at="2024-09-11T13:25:49 IST" duration-ms="1" status="PASS">
          <reporter-output>
            <line>
              <![CDATA[Logout Done]]>
            </line>
          </reporter-output>
        </test-method> <!-- logout -->
      </class> <!-- testCases.TC003LoginWithValidDataTest -->
    </test> <!-- edgetext -->
    <test started-at="2024-09-11T13:25:49 IST" name="Firefoxtest" finished-at="2024-09-11T13:26:06 IST" duration-ms="16752">
      <class name="testCases.TC003LoginWithValidDataTest">
        <test-method is-config="true" signature="setUp(java.lang.String,java.lang.String)[pri:0, instance:testCases.TC003LoginWithValidDataTest@63376bed]" started-at="2024-09-11T13:25:49 IST" name="setUp" finished-at="2024-09-11T13:26:01 IST" duration-ms="11659" status="PASS">
          <params>
            <param index="0">
              <value>
                <![CDATA[windows]]>
              </value>
            </param>
            <param index="1">
              <value>
                <![CDATA[firefox]]>
              </value>
            </param>
          </params>
          <reporter-output>
          </reporter-output>
        </test-method> <!-- setUp -->
        <test-method is-config="true" signature="login()[pri:0, instance:testCases.TC003LoginWithValidDataTest@63376bed]" started-at="2024-09-11T13:26:01 IST" name="login" finished-at="2024-09-11T13:26:01 IST" duration-ms="1" status="PASS">
          <reporter-output>
            <line>
              <![CDATA[Login Done ]]>
            </line>
          </reporter-output>
        </test-method> <!-- login -->
        <test-method signature="loginWithValidData()[pri:0, instance:testCases.TC003LoginWithValidDataTest@63376bed]" started-at="2024-09-11T13:26:01 IST" name="loginWithValidData" finished-at="2024-09-11T13:26:04 IST" duration-ms="3464" status="PASS">
          <reporter-output>
            <line>
              <![CDATA[LoginWith Valid Data TC003 Finished ]]>
            </line>
          </reporter-output>
        </test-method> <!-- loginWithValidData -->
        <test-method is-config="true" signature="closeSetup()[pri:0, instance:testCases.TC003LoginWithValidDataTest@63376bed]" started-at="2024-09-11T13:26:04 IST" name="closeSetup" finished-at="2024-09-11T13:26:06 IST" duration-ms="1622" status="PASS">
          <reporter-output>
          </reporter-output>
        </test-method> <!-- closeSetup -->
        <test-method is-config="true" signature="logout()[pri:0, instance:testCases.TC003LoginWithValidDataTest@63376bed]" started-at="2024-09-11T13:26:06 IST" name="logout" finished-at="2024-09-11T13:26:06 IST" duration-ms="1" status="PASS">
          <reporter-output>
            <line>
              <![CDATA[Logout Done]]>
            </line>
          </reporter-output>
        </test-method> <!-- logout -->
      </class> <!-- testCases.TC003LoginWithValidDataTest -->
    </test> <!-- Firefoxtest -->
  </suite> <!-- Master -->
</testng-results>
