-------------------------------------------------------------------------------
Test set: testCases.TC_001RegistetTest
-------------------------------------------------------------------------------
Tests run: 1, Failures: 1, Errors: 0, Skipped: 0, Time elapsed: 13.52 s <<< FAILURE! -- in testCases.TC_001RegistetTest
testCases.TC_001RegistetTest.userRegistration -- Time elapsed: 3.528 s <<< FAILURE!
java.lang.StackOverflowError
	at org.apache.commons.lang3.RandomStringUtils.random(RandomStringUtils.java:127)
	at org.apache.commons.lang3.RandomStringUtils.random(RandomStringUtils.java:87)
	at org.apache.commons.lang3.RandomStringUtils.randomAlphabetic(RandomStringUtils.java:301)
	at baseTest.BaseClass.RandomString(BaseClass.java:42)
	at baseTest.BaseClass.RandomString(BaseClass.java:44)
	at baseTest.BaseClass.RandomString(BaseClass.java:44)
	at baseTest.BaseClass.RandomString(BaseClass.java:44)
	at baseTest.BaseClass.RandomString(BaseClass.java:44)
	at baseTest.BaseClass.RandomString(BaseClass.java:44)
	at baseTest.BaseClass.RandomString(BaseClass.java:44)
	at baseTest.BaseClass.RandomString(BaseClass.java:44)
	at baseTest.BaseClass.RandomString(BaseClass.java:44)
	at baseTest.BaseClass.RandomString(BaseClass.java:44)
	at baseTest.BaseClass.RandomString(BaseClass.java:44)
	at baseTest.BaseClass.RandomString(BaseClass.java:44)
	at baseTest.BaseClass.RandomString(BaseClass.java:44)
	at baseTest.BaseClass.RandomString(BaseClass.java:44)
	at baseTest.BaseClass.RandomString(BaseClass.java:44)
	at baseTest.BaseClass.RandomString(BaseClass.java:44)
	at baseTest.BaseClass.RandomString(BaseClass.java:44)
	at baseTest.BaseClass.RandomString(BaseClass.java:44)
	at baseTest.BaseClass.RandomString(BaseClass.java:44)
	at baseTest.BaseClass.RandomString(BaseClass.java:44)
	at baseTest.BaseClass.RandomString(BaseClass.java:44)
	at baseTest.BaseClass.RandomString(BaseClass.java:44)
	at baseTest.BaseClass.RandomString(BaseClass.java:44)
	at baseTest.BaseClass.RandomString(BaseClass.java:44)
	at baseTest.BaseClass.RandomString(BaseClass.java:44)
	at baseTest.BaseClass.RandomString(BaseClass.java:44)
	at baseTest.BaseClass.RandomString(BaseClass.java:44)
	at baseTest.BaseClass.RandomString(BaseClass.java:44)
	at baseTest.BaseClass.RandomString(BaseClass.java:44)
	at baseTest.BaseClass.RandomString(BaseClass.java:44)
	at baseTest.BaseClass.RandomString(BaseClass.java:44)
	at baseTest.BaseClass.RandomString(BaseClass.java:44)
	at baseTest.BaseClass.RandomString(BaseClass.java:44)
	at baseTest.BaseClass.RandomString(BaseClass.java:44)
	at baseTest.BaseClass.RandomString(BaseClass.java:44)
	at baseTest.BaseClass.RandomString(BaseClass.java:44)
	at baseTest.BaseClass.RandomString(BaseClass.java:44)
	at baseTest.BaseClass.RandomString(BaseClass.java:44)
	at baseTest.BaseClass.RandomString(BaseClass.java:44)
	at baseTest.BaseClass.RandomString(BaseClass.java:44)
	at baseTest.BaseClass.RandomString(BaseClass.java:44)
	at baseTest.BaseClass.RandomString(BaseClass.java:44)
	at baseTest.BaseClass.RandomString(BaseClass.java:44)
	at baseTest.BaseClass.RandomString(BaseClass.java:44)
	at baseTest.BaseClass.RandomString(BaseClass.java:44)
	at baseTest.BaseClass.RandomString(BaseClass.java:44)
	at baseTest.BaseClass.RandomString(BaseClass.java:44)
	at baseTest.BaseClass.RandomString(BaseClass.java:44)
	at baseTest.BaseClass.RandomString(BaseClass.java:44)
	at baseTest.BaseClass.RandomString(BaseClass.java:44)
	at baseTest.BaseClass.RandomString(BaseClass.java:44)
	at baseTest.BaseClass.RandomString(BaseClass.java:44)
	at baseTest.BaseClass.RandomString(BaseClass.java:44)
	at baseTest.BaseClass.RandomString(BaseClass.java:44)
	at baseTest.BaseClass.RandomString(BaseClass.java:44)
	at baseTest.BaseClass.RandomString(BaseClass.java:44)
	at baseTest.BaseClass.RandomString(BaseClass.java:44)
	at baseTest.BaseClass.RandomString(BaseClass.java:44)
	at baseTest.BaseClass.RandomString(BaseClass.java:44)
	at baseTest.BaseClass.RandomString(BaseClass.java:44)
	at baseTest.BaseClass.RandomString(BaseClass.java:44)
	at baseTest.BaseClass.RandomString(BaseClass.java:44)
	at baseTest.BaseClass.RandomString(BaseClass.java:44)
	at baseTest.BaseClass.RandomString(BaseClass.java:44)
	at baseTest.BaseClass.RandomString(BaseClass.java:44)
	at baseTest.BaseClass.RandomString(BaseClass.java:44)
	at baseTest.BaseClass.RandomString(BaseClass.java:44)
	at baseTest.BaseClass.RandomString(BaseClass.java:44)
	at baseTest.BaseClass.RandomString(BaseClass.java:44)
	at baseTest.BaseClass.RandomString(BaseClass.java:44)
	at baseTest.BaseClass.RandomString(BaseClass.java:44)
	at baseTest.BaseClass.RandomString(BaseClass.java:44)
	at baseTest.BaseClass.RandomString(BaseClass.java:44)
	at baseTest.BaseClass.RandomString(BaseClass.java:44)
	at baseTest.BaseClass.RandomString(BaseClass.java:44)
	at baseTest.BaseClass.RandomString(BaseClass.java:44)
	at baseTest.BaseClass.RandomString(BaseClass.java:44)
	at baseTest.BaseClass.RandomString(BaseClass.java:44)
	at baseTest.BaseClass.RandomString(BaseClass.java:44)
	at baseTest.BaseClass.RandomString(BaseClass.java:44)
	at baseTest.BaseClass.RandomString(BaseClass.java:44)
	at baseTest.BaseClass.RandomString(BaseClass.java:44)
	at baseTest.BaseClass.RandomString(BaseClass.java:44)
	at baseTest.BaseClass.RandomString(BaseClass.java:44)
	at baseTest.BaseClass.RandomString(BaseClass.java:44)
	at baseTest.BaseClass.RandomString(BaseClass.java:44)
	at baseTest.BaseClass.RandomString(BaseClass.java:44)
	at baseTest.BaseClass.RandomString(BaseClass.java:44)
	at baseTest.BaseClass.RandomString(BaseClass.java:44)
	at baseTest.BaseClass.RandomString(BaseClass.java:44)
	at baseTest.BaseClass.RandomString(BaseClass.java:44)
	at baseTest.BaseClass.RandomString(BaseClass.java:44)
	at baseTest.BaseClass.RandomString(BaseClass.java:44)
	at baseTest.BaseClass.RandomString(BaseClass.java:44)
	at baseTest.BaseClass.RandomString(BaseClass.java:44)
	at baseTest.BaseClass.RandomString(BaseClass.java:44)
	at baseTest.BaseClass.RandomString(BaseClass.java:44)
	at baseTest.BaseClass.RandomString(BaseClass.java:44)
	at baseTest.BaseClass.RandomString(BaseClass.java:44)
	at baseTest.BaseClass.RandomString(BaseClass.java:44)
	at baseTest.BaseClass.RandomString(BaseClass.java:44)
	at baseTest.BaseClass.RandomString(BaseClass.java:44)
	at baseTest.BaseClass.RandomString(BaseClass.java:44)
	at baseTest.BaseClass.RandomString(BaseClass.java:44)
	at baseTest.BaseClass.RandomString(BaseClass.java:44)
	at baseTest.BaseClass.RandomString(BaseClass.java:44)
	at baseTest.BaseClass.RandomString(BaseClass.java:44)
	at baseTest.BaseClass.RandomString(BaseClass.java:44)
	at baseTest.BaseClass.RandomString(BaseClass.java:44)
	at baseTest.BaseClass.RandomString(BaseClass.java:44)
	at baseTest.BaseClass.RandomString(BaseClass.java:44)
	at baseTest.BaseClass.RandomString(BaseClass.java:44)
	at baseTest.BaseClass.RandomString(BaseClass.java:44)
	at baseTest.BaseClass.RandomString(BaseClass.java:44)
	at baseTest.BaseClass.RandomString(BaseClass.java:44)
	at baseTest.BaseClass.RandomString(BaseClass.java:44)
	at baseTest.BaseClass.RandomString(BaseClass.java:44)
	at baseTest.BaseClass.RandomString(BaseClass.java:44)
	at baseTest.BaseClass.RandomString(BaseClass.java:44)
	at baseTest.BaseClass.RandomString(BaseClass.java:44)
	at baseTest.BaseClass.RandomString(BaseClass.java:44)
	at baseTest.BaseClass.RandomString(BaseClass.java:44)
	at baseTest.BaseClass.RandomString(BaseClass.java:44)
	at baseTest.BaseClass.RandomString(BaseClass.java:44)
	at baseTest.BaseClass.RandomString(BaseClass.java:44)
	at baseTest.BaseClass.RandomString(BaseClass.java:44)
	at baseTest.BaseClass.RandomString(BaseClass.java:44)
	at baseTest.BaseClass.RandomString(BaseClass.java:44)
	at baseTest.BaseClass.RandomString(BaseClass.java:44)
	at baseTest.BaseClass.RandomString(BaseClass.java:44)
	at baseTest.BaseClass.RandomString(BaseClass.java:44)
	at baseTest.BaseClass.RandomString(BaseClass.java:44)
	at baseTest.BaseClass.RandomString(BaseClass.java:44)
	at baseTest.BaseClass.RandomString(BaseClass.java:44)
	at baseTest.BaseClass.RandomString(BaseClass.java:44)
	at baseTest.BaseClass.RandomString(BaseClass.java:44)
	at baseTest.BaseClass.RandomString(BaseClass.java:44)
	at baseTest.BaseClass.RandomString(BaseClass.java:44)
	at baseTest.BaseClass.RandomString(BaseClass.java:44)
	at baseTest.BaseClass.RandomString(BaseClass.java:44)
	at baseTest.BaseClass.RandomString(BaseClass.java:44)
	at baseTest.BaseClass.RandomString(BaseClass.java:44)
	at baseTest.BaseClass.RandomString(BaseClass.java:44)
	at baseTest.BaseClass.RandomString(BaseClass.java:44)
	at baseTest.BaseClass.RandomString(BaseClass.java:44)
	at baseTest.BaseClass.RandomString(BaseClass.java:44)
	at baseTest.BaseClass.RandomString(BaseClass.java:44)
	at baseTest.BaseClass.RandomString(BaseClass.java:44)
	at baseTest.BaseClass.RandomString(BaseClass.java:44)
	at baseTest.BaseClass.RandomString(BaseClass.java:44)
	at baseTest.BaseClass.RandomString(BaseClass.java:44)
	at baseTest.BaseClass.RandomString(BaseClass.java:44)
	at baseTest.BaseClass.RandomString(BaseClass.java:44)
	at baseTest.BaseClass.RandomString(BaseClass.java:44)
	at baseTest.BaseClass.RandomString(BaseClass.java:44)
	at baseTest.BaseClass.RandomString(BaseClass.java:44)
	at baseTest.BaseClass.RandomString(BaseClass.java:44)
	at baseTest.BaseClass.RandomString(BaseClass.java:44)
	at baseTest.BaseClass.RandomString(BaseClass.java:44)
	at baseTest.BaseClass.RandomString(BaseClass.java:44)
	at baseTest.BaseClass.RandomString(BaseClass.java:44)
	at baseTest.BaseClass.RandomString(BaseClass.java:44)
	at baseTest.BaseClass.RandomString(BaseClass.java:44)
	at baseTest.BaseClass.RandomString(BaseClass.java:44)
	at baseTest.BaseClass.RandomString(BaseClass.java:44)
	at baseTest.BaseClass.RandomString(BaseClass.java:44)
	at baseTest.BaseClass.RandomString(BaseClass.java:44)
	at baseTest.BaseClass.RandomString(BaseClass.java:44)
	at baseTest.BaseClass.RandomString(BaseClass.java:44)
	at baseTest.BaseClass.RandomString(BaseClass.java:44)
	at baseTest.BaseClass.RandomString(BaseClass.java:44)
	at baseTest.BaseClass.RandomString(BaseClass.java:44)
	at baseTest.BaseClass.RandomString(BaseClass.java:44)
	at baseTest.BaseClass.RandomString(BaseClass.java:44)
	at baseTest.BaseClass.RandomString(BaseClass.java:44)
	at baseTest.BaseClass.RandomString(BaseClass.java:44)
	at baseTest.BaseClass.RandomString(BaseClass.java:44)
	at baseTest.BaseClass.RandomString(BaseClass.java:44)
	at baseTest.BaseClass.RandomString(BaseClass.java:44)
	at baseTest.BaseClass.RandomString(BaseClass.java:44)
	at baseTest.BaseClass.RandomString(BaseClass.java:44)
	at baseTest.BaseClass.RandomString(BaseClass.java:44)
	at baseTest.BaseClass.RandomString(BaseClass.java:44)
	at baseTest.BaseClass.RandomString(BaseClass.java:44)
	at baseTest.BaseClass.RandomString(BaseClass.java:44)
	at baseTest.BaseClass.RandomString(BaseClass.java:44)
	at baseTest.BaseClass.RandomString(BaseClass.java:44)
	at baseTest.BaseClass.RandomString(BaseClass.java:44)
	at baseTest.BaseClass.RandomString(BaseClass.java:44)
	at baseTest.BaseClass.RandomString(BaseClass.java:44)
	at baseTest.BaseClass.RandomString(BaseClass.java:44)
	at baseTest.BaseClass.RandomString(BaseClass.java:44)
	at baseTest.BaseClass.RandomString(BaseClass.java:44)
	at baseTest.BaseClass.RandomString(BaseClass.java:44)
	at baseTest.BaseClass.RandomString(BaseClass.java:44)
	at baseTest.BaseClass.RandomString(BaseClass.java:44)
	at baseTest.BaseClass.RandomString(BaseClass.java:44)
	at baseTest.BaseClass.RandomString(BaseClass.java:44)
	at baseTest.BaseClass.RandomString(BaseClass.java:44)
	at baseTest.BaseClass.RandomString(BaseClass.java:44)
	at baseTest.BaseClass.RandomString(BaseClass.java:44)
	at baseTest.BaseClass.RandomString(BaseClass.java:44)
	at baseTest.BaseClass.RandomString(BaseClass.java:44)
	at baseTest.BaseClass.RandomString(BaseClass.java:44)
	at baseTest.BaseClass.RandomString(BaseClass.java:44)
	at baseTest.BaseClass.RandomString(BaseClass.java:44)
	at baseTest.BaseClass.RandomString(BaseClass.java:44)
	at baseTest.BaseClass.RandomString(BaseClass.java:44)
	at baseTest.BaseClass.RandomString(BaseClass.java:44)
	at baseTest.BaseClass.RandomString(BaseClass.java:44)
	at baseTest.BaseClass.RandomString(BaseClass.java:44)
	at baseTest.BaseClass.RandomString(BaseClass.java:44)
	at baseTest.BaseClass.RandomString(BaseClass.java:44)
	at baseTest.BaseClass.RandomString(BaseClass.java:44)
	at baseTest.BaseClass.RandomString(BaseClass.java:44)
	at baseTest.BaseClass.RandomString(BaseClass.java:44)
	at baseTest.BaseClass.RandomString(BaseClass.java:44)
	at baseTest.BaseClass.RandomString(BaseClass.java:44)
	at baseTest.BaseClass.RandomString(BaseClass.java:44)
	at baseTest.BaseClass.RandomString(BaseClass.java:44)
	at baseTest.BaseClass.RandomString(BaseClass.java:44)
	at baseTest.BaseClass.RandomString(BaseClass.java:44)
	at baseTest.BaseClass.RandomString(BaseClass.java:44)
	at baseTest.BaseClass.RandomString(BaseClass.java:44)
	at baseTest.BaseClass.RandomString(BaseClass.java:44)
	at baseTest.BaseClass.RandomString(BaseClass.java:44)
	at baseTest.BaseClass.RandomString(BaseClass.java:44)
	at baseTest.BaseClass.RandomString(BaseClass.java:44)
	at baseTest.BaseClass.RandomString(BaseClass.java:44)
	at baseTest.BaseClass.RandomString(BaseClass.java:44)
	at baseTest.BaseClass.RandomString(BaseClass.java:44)
	at baseTest.BaseClass.RandomString(BaseClass.java:44)
	at baseTest.BaseClass.RandomString(BaseClass.java:44)
	at baseTest.BaseClass.RandomString(BaseClass.java:44)
	at baseTest.BaseClass.RandomString(BaseClass.java:44)
	at baseTest.BaseClass.RandomString(BaseClass.java:44)
	at baseTest.BaseClass.RandomString(BaseClass.java:44)
	at baseTest.BaseClass.RandomString(BaseClass.java:44)
	at baseTest.BaseClass.RandomString(BaseClass.java:44)
	at baseTest.BaseClass.RandomString(BaseClass.java:44)
	at baseTest.BaseClass.RandomString(BaseClass.java:44)
	at baseTest.BaseClass.RandomString(BaseClass.java:44)
	at baseTest.BaseClass.RandomString(BaseClass.java:44)
	at baseTest.BaseClass.RandomString(BaseClass.java:44)
	at baseTest.BaseClass.RandomString(BaseClass.java:44)
	at baseTest.BaseClass.RandomString(BaseClass.java:44)
	at baseTest.BaseClass.RandomString(BaseClass.java:44)
	at baseTest.BaseClass.RandomString(BaseClass.java:44)
	at baseTest.BaseClass.RandomString(BaseClass.java:44)
	at baseTest.BaseClass.RandomString(BaseClass.java:44)
	at baseTest.BaseClass.RandomString(BaseClass.java:44)
	at baseTest.BaseClass.RandomString(BaseClass.java:44)
	at baseTest.BaseClass.RandomString(BaseClass.java:44)
	at baseTest.BaseClass.RandomString(BaseClass.java:44)
	at baseTest.BaseClass.RandomString(BaseClass.java:44)
	at baseTest.BaseClass.RandomString(BaseClass.java:44)
	at baseTest.BaseClass.RandomString(BaseClass.java:44)
	at baseTest.BaseClass.RandomString(BaseClass.java:44)
	at baseTest.BaseClass.RandomString(BaseClass.java:44)
	at baseTest.BaseClass.RandomString(BaseClass.java:44)
	at baseTest.BaseClass.RandomString(BaseClass.java:44)
	at baseTest.BaseClass.RandomString(BaseClass.java:44)
	at baseTest.BaseClass.RandomString(BaseClass.java:44)
	at baseTest.BaseClass.RandomString(BaseClass.java:44)
	at baseTest.BaseClass.RandomString(BaseClass.java:44)
	at baseTest.BaseClass.RandomString(BaseClass.java:44)
	at baseTest.BaseClass.RandomString(BaseClass.java:44)
	at baseTest.BaseClass.RandomString(BaseClass.java:44)
	at baseTest.BaseClass.RandomString(BaseClass.java:44)
	at baseTest.BaseClass.RandomString(BaseClass.java:44)
	at baseTest.BaseClass.RandomString(BaseClass.java:44)
	at baseTest.BaseClass.RandomString(BaseClass.java:44)
	at baseTest.BaseClass.RandomString(BaseClass.java:44)
	at baseTest.BaseClass.RandomString(BaseClass.java:44)
	at baseTest.BaseClass.RandomString(BaseClass.java:44)
	at baseTest.BaseClass.RandomString(BaseClass.java:44)
	at baseTest.BaseClass.RandomString(BaseClass.java:44)
	at baseTest.BaseClass.RandomString(BaseClass.java:44)
	at baseTest.BaseClass.RandomString(BaseClass.java:44)
	at baseTest.BaseClass.RandomString(BaseClass.java:44)
	at baseTest.BaseClass.RandomString(BaseClass.java:44)
	at baseTest.BaseClass.RandomString(BaseClass.java:44)
	at baseTest.BaseClass.RandomString(BaseClass.java:44)
	at baseTest.BaseClass.RandomString(BaseClass.java:44)
	at baseTest.BaseClass.RandomString(BaseClass.java:44)
	at baseTest.BaseClass.RandomString(BaseClass.java:44)
	at baseTest.BaseClass.RandomString(BaseClass.java:44)
	at baseTest.BaseClass.RandomString(BaseClass.java:44)
	at baseTest.BaseClass.RandomString(BaseClass.java:44)
	at baseTest.BaseClass.RandomString(BaseClass.java:44)
	at baseTest.BaseClass.RandomString(BaseClass.java:44)
	at baseTest.BaseClass.RandomString(BaseClass.java:44)
	at baseTest.BaseClass.RandomString(BaseClass.java:44)
	at baseTest.BaseClass.RandomString(BaseClass.java:44)
	at baseTest.BaseClass.RandomString(BaseClass.java:44)
	at baseTest.BaseClass.RandomString(BaseClass.java:44)
	at baseTest.BaseClass.RandomString(BaseClass.java:44)
	at baseTest.BaseClass.RandomString(BaseClass.java:44)
	at baseTest.BaseClass.RandomString(BaseClass.java:44)
	at baseTest.BaseClass.RandomString(BaseClass.java:44)
	at baseTest.BaseClass.RandomString(BaseClass.java:44)
	at baseTest.BaseClass.RandomString(BaseClass.java:44)
	at baseTest.BaseClass.RandomString(BaseClass.java:44)
	at baseTest.BaseClass.RandomString(BaseClass.java:44)
	at baseTest.BaseClass.RandomString(BaseClass.java:44)
	at baseTest.BaseClass.RandomString(BaseClass.java:44)
	at baseTest.BaseClass.RandomString(BaseClass.java:44)
	at baseTest.BaseClass.RandomString(BaseClass.java:44)
	at baseTest.BaseClass.RandomString(BaseClass.java:44)
	at baseTest.BaseClass.RandomString(BaseClass.java:44)
	at baseTest.BaseClass.RandomString(BaseClass.java:44)
	at baseTest.BaseClass.RandomString(BaseClass.java:44)
	at baseTest.BaseClass.RandomString(BaseClass.java:44)
	at baseTest.BaseClass.RandomString(BaseClass.java:44)
	at baseTest.BaseClass.RandomString(BaseClass.java:44)
	at baseTest.BaseClass.RandomString(BaseClass.java:44)
	at baseTest.BaseClass.RandomString(BaseClass.java:44)
	at baseTest.BaseClass.RandomString(BaseClass.java:44)
	at baseTest.BaseClass.RandomString(BaseClass.java:44)
	at baseTest.BaseClass.RandomString(BaseClass.java:44)
	at baseTest.BaseClass.RandomString(BaseClass.java:44)
	at baseTest.BaseClass.RandomString(BaseClass.java:44)
	at baseTest.BaseClass.RandomString(BaseClass.java:44)
	at baseTest.BaseClass.RandomString(BaseClass.java:44)
	at baseTest.BaseClass.RandomString(BaseClass.java:44)
	at baseTest.BaseClass.RandomString(BaseClass.java:44)
	at baseTest.BaseClass.RandomString(BaseClass.java:44)
	at baseTest.BaseClass.RandomString(BaseClass.java:44)
	at baseTest.BaseClass.RandomString(BaseClass.java:44)
	at baseTest.BaseClass.RandomString(BaseClass.java:44)
	at baseTest.BaseClass.RandomString(BaseClass.java:44)
	at baseTest.BaseClass.RandomString(BaseClass.java:44)
	at baseTest.BaseClass.RandomString(BaseClass.java:44)
	at baseTest.BaseClass.RandomString(BaseClass.java:44)
	at baseTest.BaseClass.RandomString(BaseClass.java:44)
	at baseTest.BaseClass.RandomString(BaseClass.java:44)
	at baseTest.BaseClass.RandomString(BaseClass.java:44)
	at baseTest.BaseClass.RandomString(BaseClass.java:44)
	at baseTest.BaseClass.RandomString(BaseClass.java:44)
	at baseTest.BaseClass.RandomString(BaseClass.java:44)
	at baseTest.BaseClass.RandomString(BaseClass.java:44)
	at baseTest.BaseClass.RandomString(BaseClass.java:44)
	at baseTest.BaseClass.RandomString(BaseClass.java:44)
	at baseTest.BaseClass.RandomString(BaseClass.java:44)
	at baseTest.BaseClass.RandomString(BaseClass.java:44)
	at baseTest.BaseClass.RandomString(BaseClass.java:44)
	at baseTest.BaseClass.RandomString(BaseClass.java:44)
	at baseTest.BaseClass.RandomString(BaseClass.java:44)
	at baseTest.BaseClass.RandomString(BaseClass.java:44)
	at baseTest.BaseClass.RandomString(BaseClass.java:44)
	at baseTest.BaseClass.RandomString(BaseClass.java:44)
	at baseTest.BaseClass.RandomString(BaseClass.java:44)
	at baseTest.BaseClass.RandomString(BaseClass.java:44)
	at baseTest.BaseClass.RandomString(BaseClass.java:44)
	at baseTest.BaseClass.RandomString(BaseClass.java:44)
	at baseTest.BaseClass.RandomString(BaseClass.java:44)
	at baseTest.BaseClass.RandomString(BaseClass.java:44)
	at baseTest.BaseClass.RandomString(BaseClass.java:44)
	at baseTest.BaseClass.RandomString(BaseClass.java:44)
	at baseTest.BaseClass.RandomString(BaseClass.java:44)
	at baseTest.BaseClass.RandomString(BaseClass.java:44)
	at baseTest.BaseClass.RandomString(BaseClass.java:44)
	at baseTest.BaseClass.RandomString(BaseClass.java:44)
	at baseTest.BaseClass.RandomString(BaseClass.java:44)
	at baseTest.BaseClass.RandomString(BaseClass.java:44)
	at baseTest.BaseClass.RandomString(BaseClass.java:44)
	at baseTest.BaseClass.RandomString(BaseClass.java:44)
	at baseTest.BaseClass.RandomString(BaseClass.java:44)
	at baseTest.BaseClass.RandomString(BaseClass.java:44)
	at baseTest.BaseClass.RandomString(BaseClass.java:44)
	at baseTest.BaseClass.RandomString(BaseClass.java:44)
	at baseTest.BaseClass.RandomString(BaseClass.java:44)
	at baseTest.BaseClass.RandomString(BaseClass.java:44)
	at baseTest.BaseClass.RandomString(BaseClass.java:44)
	at baseTest.BaseClass.RandomString(BaseClass.java:44)
	at baseTest.BaseClass.RandomString(BaseClass.java:44)
	at baseTest.BaseClass.RandomString(BaseClass.java:44)
	at baseTest.BaseClass.RandomString(BaseClass.java:44)
	at baseTest.BaseClass.RandomString(BaseClass.java:44)
	at baseTest.BaseClass.RandomString(BaseClass.java:44)
	at baseTest.BaseClass.RandomString(BaseClass.java:44)
	at baseTest.BaseClass.RandomString(BaseClass.java:44)
	at baseTest.BaseClass.RandomString(BaseClass.java:44)
	at baseTest.BaseClass.RandomString(BaseClass.java:44)
	at baseTest.BaseClass.RandomString(BaseClass.java:44)
	at baseTest.BaseClass.RandomString(BaseClass.java:44)
	at baseTest.BaseClass.RandomString(BaseClass.java:44)
	at baseTest.BaseClass.RandomString(BaseClass.java:44)
	at baseTest.BaseClass.RandomString(BaseClass.java:44)
	at baseTest.BaseClass.RandomString(BaseClass.java:44)
	at baseTest.BaseClass.RandomString(BaseClass.java:44)
	at baseTest.BaseClass.RandomString(BaseClass.java:44)
	at baseTest.BaseClass.RandomString(BaseClass.java:44)
	at baseTest.BaseClass.RandomString(BaseClass.java:44)
	at baseTest.BaseClass.RandomString(BaseClass.java:44)
	at baseTest.BaseClass.RandomString(BaseClass.java:44)
	at baseTest.BaseClass.RandomString(BaseClass.java:44)
	at baseTest.BaseClass.RandomString(BaseClass.java:44)
	at baseTest.BaseClass.RandomString(BaseClass.java:44)
	at baseTest.BaseClass.RandomString(BaseClass.java:44)
	at baseTest.BaseClass.RandomString(BaseClass.java:44)
	at baseTest.BaseClass.RandomString(BaseClass.java:44)
	at baseTest.BaseClass.RandomString(BaseClass.java:44)
	at baseTest.BaseClass.RandomString(BaseClass.java:44)
	at baseTest.BaseClass.RandomString(BaseClass.java:44)
	at baseTest.BaseClass.RandomString(BaseClass.java:44)
	at baseTest.BaseClass.RandomString(BaseClass.java:44)
	at baseTest.BaseClass.RandomString(BaseClass.java:44)
	at baseTest.BaseClass.RandomString(BaseClass.java:44)
	at baseTest.BaseClass.RandomString(BaseClass.java:44)
	at baseTest.BaseClass.RandomString(BaseClass.java:44)
	at baseTest.BaseClass.RandomString(BaseClass.java:44)
	at baseTest.BaseClass.RandomString(BaseClass.java:44)
	at baseTest.BaseClass.RandomString(BaseClass.java:44)
	at baseTest.BaseClass.RandomString(BaseClass.java:44)
	at baseTest.BaseClass.RandomString(BaseClass.java:44)
	at baseTest.BaseClass.RandomString(BaseClass.java:44)
	at baseTest.BaseClass.RandomString(BaseClass.java:44)
	at baseTest.BaseClass.RandomString(BaseClass.java:44)
	at baseTest.BaseClass.RandomString(BaseClass.java:44)
	at baseTest.BaseClass.RandomString(BaseClass.java:44)
	at baseTest.BaseClass.RandomString(BaseClass.java:44)
	at baseTest.BaseClass.RandomString(BaseClass.java:44)
	at baseTest.BaseClass.RandomString(BaseClass.java:44)
	at baseTest.BaseClass.RandomString(BaseClass.java:44)
	at baseTest.BaseClass.RandomString(BaseClass.java:44)
	at baseTest.BaseClass.RandomString(BaseClass.java:44)
	at baseTest.BaseClass.RandomString(BaseClass.java:44)
	at baseTest.BaseClass.RandomString(BaseClass.java:44)
	at baseTest.BaseClass.RandomString(BaseClass.java:44)
	at baseTest.BaseClass.RandomString(BaseClass.java:44)
	at baseTest.BaseClass.RandomString(BaseClass.java:44)
	at baseTest.BaseClass.RandomString(BaseClass.java:44)
	at baseTest.BaseClass.RandomString(BaseClass.java:44)
	at baseTest.BaseClass.RandomString(BaseClass.java:44)
	at baseTest.BaseClass.RandomString(BaseClass.java:44)
	at baseTest.BaseClass.RandomString(BaseClass.java:44)
	at baseTest.BaseClass.RandomString(BaseClass.java:44)
	at baseTest.BaseClass.RandomString(BaseClass.java:44)
	at baseTest.BaseClass.RandomString(BaseClass.java:44)
	at baseTest.BaseClass.RandomString(BaseClass.java:44)
	at baseTest.BaseClass.RandomString(BaseClass.java:44)
	at baseTest.BaseClass.RandomString(BaseClass.java:44)
	at baseTest.BaseClass.RandomString(BaseClass.java:44)
	at baseTest.BaseClass.RandomString(BaseClass.java:44)
	at baseTest.BaseClass.RandomString(BaseClass.java:44)
	at baseTest.BaseClass.RandomString(BaseClass.java:44)
	at baseTest.BaseClass.RandomString(BaseClass.java:44)
	at baseTest.BaseClass.RandomString(BaseClass.java:44)
	at baseTest.BaseClass.RandomString(BaseClass.java:44)
	at baseTest.BaseClass.RandomString(BaseClass.java:44)
	at baseTest.BaseClass.RandomString(BaseClass.java:44)
	at baseTest.BaseClass.RandomString(BaseClass.java:44)
	at baseTest.BaseClass.RandomString(BaseClass.java:44)
	at baseTest.BaseClass.RandomString(BaseClass.java:44)
	at baseTest.BaseClass.RandomString(BaseClass.java:44)
	at baseTest.BaseClass.RandomString(BaseClass.java:44)
	at baseTest.BaseClass.RandomString(BaseClass.java:44)
	at baseTest.BaseClass.RandomString(BaseClass.java:44)
	at baseTest.BaseClass.RandomString(BaseClass.java:44)
	at baseTest.BaseClass.RandomString(BaseClass.java:44)
	at baseTest.BaseClass.RandomString(BaseClass.java:44)
	at baseTest.BaseClass.RandomString(BaseClass.java:44)
	at baseTest.BaseClass.RandomString(BaseClass.java:44)
	at baseTest.BaseClass.RandomString(BaseClass.java:44)
	at baseTest.BaseClass.RandomString(BaseClass.java:44)
	at baseTest.BaseClass.RandomString(BaseClass.java:44)
	at baseTest.BaseClass.RandomString(BaseClass.java:44)
	at baseTest.BaseClass.RandomString(BaseClass.java:44)
	at baseTest.BaseClass.RandomString(BaseClass.java:44)
	at baseTest.BaseClass.RandomString(BaseClass.java:44)
	at baseTest.BaseClass.RandomString(BaseClass.java:44)
	at baseTest.BaseClass.RandomString(BaseClass.java:44)
	at baseTest.BaseClass.RandomString(BaseClass.java:44)
	at baseTest.BaseClass.RandomString(BaseClass.java:44)
	at baseTest.BaseClass.RandomString(BaseClass.java:44)
	at baseTest.BaseClass.RandomString(BaseClass.java:44)
	at baseTest.BaseClass.RandomString(BaseClass.java:44)
	at baseTest.BaseClass.RandomString(BaseClass.java:44)
	at baseTest.BaseClass.RandomString(BaseClass.java:44)
	at baseTest.BaseClass.RandomString(BaseClass.java:44)
	at baseTest.BaseClass.RandomString(BaseClass.java:44)
	at baseTest.BaseClass.RandomString(BaseClass.java:44)
	at baseTest.BaseClass.RandomString(BaseClass.java:44)
	at baseTest.BaseClass.RandomString(BaseClass.java:44)
	at baseTest.BaseClass.RandomString(BaseClass.java:44)
	at baseTest.BaseClass.RandomString(BaseClass.java:44)
	at baseTest.BaseClass.RandomString(BaseClass.java:44)
	at baseTest.BaseClass.RandomString(BaseClass.java:44)
	at baseTest.BaseClass.RandomString(BaseClass.java:44)
	at baseTest.BaseClass.RandomString(BaseClass.java:44)
	at baseTest.BaseClass.RandomString(BaseClass.java:44)
	at baseTest.BaseClass.RandomString(BaseClass.java:44)
	at baseTest.BaseClass.RandomString(BaseClass.java:44)
	at baseTest.BaseClass.RandomString(BaseClass.java:44)
	at baseTest.BaseClass.RandomString(BaseClass.java:44)
	at baseTest.BaseClass.RandomString(BaseClass.java:44)
	at baseTest.BaseClass.RandomString(BaseClass.java:44)
	at baseTest.BaseClass.RandomString(BaseClass.java:44)
	at baseTest.BaseClass.RandomString(BaseClass.java:44)
	at baseTest.BaseClass.RandomString(BaseClass.java:44)
	at baseTest.BaseClass.RandomString(BaseClass.java:44)
	at baseTest.BaseClass.RandomString(BaseClass.java:44)
	at baseTest.BaseClass.RandomString(BaseClass.java:44)
	at baseTest.BaseClass.RandomString(BaseClass.java:44)
	at baseTest.BaseClass.RandomString(BaseClass.java:44)
	at baseTest.BaseClass.RandomString(BaseClass.java:44)
	at baseTest.BaseClass.RandomString(BaseClass.java:44)
	at baseTest.BaseClass.RandomString(BaseClass.java:44)
	at baseTest.BaseClass.RandomString(BaseClass.java:44)
	at baseTest.BaseClass.RandomString(BaseClass.java:44)
	at baseTest.BaseClass.RandomString(BaseClass.java:44)
	at baseTest.BaseClass.RandomString(BaseClass.java:44)
	at baseTest.BaseClass.RandomString(BaseClass.java:44)
	at baseTest.BaseClass.RandomString(BaseClass.java:44)
	at baseTest.BaseClass.RandomString(BaseClass.java:44)
	at baseTest.BaseClass.RandomString(BaseClass.java:44)
	at baseTest.BaseClass.RandomString(BaseClass.java:44)
	at baseTest.BaseClass.RandomString(BaseClass.java:44)
	at baseTest.BaseClass.RandomString(BaseClass.java:44)
	at baseTest.BaseClass.RandomString(BaseClass.java:44)
	at baseTest.BaseClass.RandomString(BaseClass.java:44)
	at baseTest.BaseClass.RandomString(BaseClass.java:44)
	at baseTest.BaseClass.RandomString(BaseClass.java:44)
	at baseTest.BaseClass.RandomString(BaseClass.java:44)
	at baseTest.BaseClass.RandomString(BaseClass.java:44)
	at baseTest.BaseClass.RandomString(BaseClass.java:44)
	at baseTest.BaseClass.RandomString(BaseClass.java:44)
	at baseTest.BaseClass.RandomString(BaseClass.java:44)
	at baseTest.BaseClass.RandomString(BaseClass.java:44)
	at baseTest.BaseClass.RandomString(BaseClass.java:44)
	at baseTest.BaseClass.RandomString(BaseClass.java:44)
	at baseTest.BaseClass.RandomString(BaseClass.java:44)
	at baseTest.BaseClass.RandomString(BaseClass.java:44)
	at baseTest.BaseClass.RandomString(BaseClass.java:44)
	at baseTest.BaseClass.RandomString(BaseClass.java:44)
	at baseTest.BaseClass.RandomString(BaseClass.java:44)
	at baseTest.BaseClass.RandomString(BaseClass.java:44)
	at baseTest.BaseClass.RandomString(BaseClass.java:44)
	at baseTest.BaseClass.RandomString(BaseClass.java:44)
	at baseTest.BaseClass.RandomString(BaseClass.java:44)
	at baseTest.BaseClass.RandomString(BaseClass.java:44)
	at baseTest.BaseClass.RandomString(BaseClass.java:44)
	at baseTest.BaseClass.RandomString(BaseClass.java:44)
	at baseTest.BaseClass.RandomString(BaseClass.java:44)
	at baseTest.BaseClass.RandomString(BaseClass.java:44)
	at baseTest.BaseClass.RandomString(BaseClass.java:44)
	at baseTest.BaseClass.RandomString(BaseClass.java:44)
	at baseTest.BaseClass.RandomString(BaseClass.java:44)
	at baseTest.BaseClass.RandomString(BaseClass.java:44)
	at baseTest.BaseClass.RandomString(BaseClass.java:44)
	at baseTest.BaseClass.RandomString(BaseClass.java:44)
	at baseTest.BaseClass.RandomString(BaseClass.java:44)
	at baseTest.BaseClass.RandomString(BaseClass.java:44)
	at baseTest.BaseClass.RandomString(BaseClass.java:44)
	at baseTest.BaseClass.RandomString(BaseClass.java:44)
	at baseTest.BaseClass.RandomString(BaseClass.java:44)
	at baseTest.BaseClass.RandomString(BaseClass.java:44)
	at baseTest.BaseClass.RandomString(BaseClass.java:44)
	at baseTest.BaseClass.RandomString(BaseClass.java:44)
	at baseTest.BaseClass.RandomString(BaseClass.java:44)
	at baseTest.BaseClass.RandomString(BaseClass.java:44)
	at baseTest.BaseClass.RandomString(BaseClass.java:44)
	at baseTest.BaseClass.RandomString(BaseClass.java:44)
	at baseTest.BaseClass.RandomString(BaseClass.java:44)
	at baseTest.BaseClass.RandomString(BaseClass.java:44)
	at baseTest.BaseClass.RandomString(BaseClass.java:44)
	at baseTest.BaseClass.RandomString(BaseClass.java:44)
	at baseTest.BaseClass.RandomString(BaseClass.java:44)
	at baseTest.BaseClass.RandomString(BaseClass.java:44)
	at baseTest.BaseClass.RandomString(BaseClass.java:44)
	at baseTest.BaseClass.RandomString(BaseClass.java:44)
	at baseTest.BaseClass.RandomString(BaseClass.java:44)
	at baseTest.BaseClass.RandomString(BaseClass.java:44)
	at baseTest.BaseClass.RandomString(BaseClass.java:44)
	at baseTest.BaseClass.RandomString(BaseClass.java:44)
	at baseTest.BaseClass.RandomString(BaseClass.java:44)
	at baseTest.BaseClass.RandomString(BaseClass.java:44)
	at baseTest.BaseClass.RandomString(BaseClass.java:44)
	at baseTest.BaseClass.RandomString(BaseClass.java:44)
	at baseTest.BaseClass.RandomString(BaseClass.java:44)
	at baseTest.BaseClass.RandomString(BaseClass.java:44)
	at baseTest.BaseClass.RandomString(BaseClass.java:44)
	at baseTest.BaseClass.RandomString(BaseClass.java:44)
	at baseTest.BaseClass.RandomString(BaseClass.java:44)
	at baseTest.BaseClass.RandomString(BaseClass.java:44)
	at baseTest.BaseClass.RandomString(BaseClass.java:44)
	at baseTest.BaseClass.RandomString(BaseClass.java:44)
	at baseTest.BaseClass.RandomString(BaseClass.java:44)
	at baseTest.BaseClass.RandomString(BaseClass.java:44)
	at baseTest.BaseClass.RandomString(BaseClass.java:44)
	at baseTest.BaseClass.RandomString(BaseClass.java:44)
	at baseTest.BaseClass.RandomString(BaseClass.java:44)
	at baseTest.BaseClass.RandomString(BaseClass.java:44)
	at baseTest.BaseClass.RandomString(BaseClass.java:44)
	at baseTest.BaseClass.RandomString(BaseClass.java:44)
	at baseTest.BaseClass.RandomString(BaseClass.java:44)
	at baseTest.BaseClass.RandomString(BaseClass.java:44)
	at baseTest.BaseClass.RandomString(BaseClass.java:44)
	at baseTest.BaseClass.RandomString(BaseClass.java:44)
	at baseTest.BaseClass.RandomString(BaseClass.java:44)
	at baseTest.BaseClass.RandomString(BaseClass.java:44)
	at baseTest.BaseClass.RandomString(BaseClass.java:44)
	at baseTest.BaseClass.RandomString(BaseClass.java:44)
	at baseTest.BaseClass.RandomString(BaseClass.java:44)
	at baseTest.BaseClass.RandomString(BaseClass.java:44)
	at baseTest.BaseClass.RandomString(BaseClass.java:44)
	at baseTest.BaseClass.RandomString(BaseClass.java:44)
	at baseTest.BaseClass.RandomString(BaseClass.java:44)
	at baseTest.BaseClass.RandomString(BaseClass.java:44)
	at baseTest.BaseClass.RandomString(BaseClass.java:44)
	at baseTest.BaseClass.RandomString(BaseClass.java:44)
	at baseTest.BaseClass.RandomString(BaseClass.java:44)
	at baseTest.BaseClass.RandomString(BaseClass.java:44)
	at baseTest.BaseClass.RandomString(BaseClass.java:44)
	at baseTest.BaseClass.RandomString(BaseClass.java:44)
	at baseTest.BaseClass.RandomString(BaseClass.java:44)
	at baseTest.BaseClass.RandomString(BaseClass.java:44)
	at baseTest.BaseClass.RandomString(BaseClass.java:44)
	at baseTest.BaseClass.RandomString(BaseClass.java:44)
	at baseTest.BaseClass.RandomString(BaseClass.java:44)
	at baseTest.BaseClass.RandomString(BaseClass.java:44)
	at baseTest.BaseClass.RandomString(BaseClass.java:44)
	at baseTest.BaseClass.RandomString(BaseClass.java:44)
	at baseTest.BaseClass.RandomString(BaseClass.java:44)
	at baseTest.BaseClass.RandomString(BaseClass.java:44)
	at baseTest.BaseClass.RandomString(BaseClass.java:44)
	at baseTest.BaseClass.RandomString(BaseClass.java:44)
	at baseTest.BaseClass.RandomString(BaseClass.java:44)
	at baseTest.BaseClass.RandomString(BaseClass.java:44)
	at baseTest.BaseClass.RandomString(BaseClass.java:44)
	at baseTest.BaseClass.RandomString(BaseClass.java:44)
	at baseTest.BaseClass.RandomString(BaseClass.java:44)
	at baseTest.BaseClass.RandomString(BaseClass.java:44)
	at baseTest.BaseClass.RandomString(BaseClass.java:44)
	at baseTest.BaseClass.RandomString(BaseClass.java:44)
	at baseTest.BaseClass.RandomString(BaseClass.java:44)
	at baseTest.BaseClass.RandomString(BaseClass.java:44)
	at baseTest.BaseClass.RandomString(BaseClass.java:44)
	at baseTest.BaseClass.RandomString(BaseClass.java:44)
	at baseTest.BaseClass.RandomString(BaseClass.java:44)
	at baseTest.BaseClass.RandomString(BaseClass.java:44)
	at baseTest.BaseClass.RandomString(BaseClass.java:44)
	at baseTest.BaseClass.RandomString(BaseClass.java:44)
	at baseTest.BaseClass.RandomString(BaseClass.java:44)
	at baseTest.BaseClass.RandomString(BaseClass.java:44)
	at baseTest.BaseClass.RandomString(BaseClass.java:44)
	at baseTest.BaseClass.RandomString(BaseClass.java:44)
	at baseTest.BaseClass.RandomString(BaseClass.java:44)
	at baseTest.BaseClass.RandomString(BaseClass.java:44)
	at baseTest.BaseClass.RandomString(BaseClass.java:44)
	at baseTest.BaseClass.RandomString(BaseClass.java:44)
	at baseTest.BaseClass.RandomString(BaseClass.java:44)
	at baseTest.BaseClass.RandomString(BaseClass.java:44)
	at baseTest.BaseClass.RandomString(BaseClass.java:44)
	at baseTest.BaseClass.RandomString(BaseClass.java:44)
	at baseTest.BaseClass.RandomString(BaseClass.java:44)
	at baseTest.BaseClass.RandomString(BaseClass.java:44)
	at baseTest.BaseClass.RandomString(BaseClass.java:44)
	at baseTest.BaseClass.RandomString(BaseClass.java:44)
	at baseTest.BaseClass.RandomString(BaseClass.java:44)
	at baseTest.BaseClass.RandomString(BaseClass.java:44)
	at baseTest.BaseClass.RandomString(BaseClass.java:44)
	at baseTest.BaseClass.RandomString(BaseClass.java:44)
	at baseTest.BaseClass.RandomString(BaseClass.java:44)
	at baseTest.BaseClass.RandomString(BaseClass.java:44)
	at baseTest.BaseClass.RandomString(BaseClass.java:44)
	at baseTest.BaseClass.RandomString(BaseClass.java:44)
	at baseTest.BaseClass.RandomString(BaseClass.java:44)
	at baseTest.BaseClass.RandomString(BaseClass.java:44)
	at baseTest.BaseClass.RandomString(BaseClass.java:44)
	at baseTest.BaseClass.RandomString(BaseClass.java:44)
	at baseTest.BaseClass.RandomString(BaseClass.java:44)
	at baseTest.BaseClass.RandomString(BaseClass.java:44)
	at baseTest.BaseClass.RandomString(BaseClass.java:44)
	at baseTest.BaseClass.RandomString(BaseClass.java:44)
	at baseTest.BaseClass.RandomString(BaseClass.java:44)
	at baseTest.BaseClass.RandomString(BaseClass.java:44)
	at baseTest.BaseClass.RandomString(BaseClass.java:44)
	at baseTest.BaseClass.RandomString(BaseClass.java:44)
	at baseTest.BaseClass.RandomString(BaseClass.java:44)
	at baseTest.BaseClass.RandomString(BaseClass.java:44)
	at baseTest.BaseClass.RandomString(BaseClass.java:44)
	at baseTest.BaseClass.RandomString(BaseClass.java:44)
	at baseTest.BaseClass.RandomString(BaseClass.java:44)
	at baseTest.BaseClass.RandomString(BaseClass.java:44)
	at baseTest.BaseClass.RandomString(BaseClass.java:44)
	at baseTest.BaseClass.RandomString(BaseClass.java:44)
	at baseTest.BaseClass.RandomString(BaseClass.java:44)
	at baseTest.BaseClass.RandomString(BaseClass.java:44)
	at baseTest.BaseClass.RandomString(BaseClass.java:44)
	at baseTest.BaseClass.RandomString(BaseClass.java:44)
	at baseTest.BaseClass.RandomString(BaseClass.java:44)
	at baseTest.BaseClass.RandomString(BaseClass.java:44)
	at baseTest.BaseClass.RandomString(BaseClass.java:44)
	at baseTest.BaseClass.RandomString(BaseClass.java:44)
	at baseTest.BaseClass.RandomString(BaseClass.java:44)
	at baseTest.BaseClass.RandomString(BaseClass.java:44)
	at baseTest.BaseClass.RandomString(BaseClass.java:44)
	at baseTest.BaseClass.RandomString(BaseClass.java:44)
	at baseTest.BaseClass.RandomString(BaseClass.java:44)
	at baseTest.BaseClass.RandomString(BaseClass.java:44)
	at baseTest.BaseClass.RandomString(BaseClass.java:44)
	at baseTest.BaseClass.RandomString(BaseClass.java:44)
	at baseTest.BaseClass.RandomString(BaseClass.java:44)
	at baseTest.BaseClass.RandomString(BaseClass.java:44)
	at baseTest.BaseClass.RandomString(BaseClass.java:44)
	at baseTest.BaseClass.RandomString(BaseClass.java:44)
	at baseTest.BaseClass.RandomString(BaseClass.java:44)
	at baseTest.BaseClass.RandomString(BaseClass.java:44)
	at baseTest.BaseClass.RandomString(BaseClass.java:44)
	at baseTest.BaseClass.RandomString(BaseClass.java:44)
	at baseTest.BaseClass.RandomString(BaseClass.java:44)
	at baseTest.BaseClass.RandomString(BaseClass.java:44)
	at baseTest.BaseClass.RandomString(BaseClass.java:44)
	at baseTest.BaseClass.RandomString(BaseClass.java:44)
	at baseTest.BaseClass.RandomString(BaseClass.java:44)
	at baseTest.BaseClass.RandomString(BaseClass.java:44)
	at baseTest.BaseClass.RandomString(BaseClass.java:44)
	at baseTest.BaseClass.RandomString(BaseClass.java:44)
	at baseTest.BaseClass.RandomString(BaseClass.java:44)
	at baseTest.BaseClass.RandomString(BaseClass.java:44)
	at baseTest.BaseClass.RandomString(BaseClass.java:44)
	at baseTest.BaseClass.RandomString(BaseClass.java:44)
	at baseTest.BaseClass.RandomString(BaseClass.java:44)
	at baseTest.BaseClass.RandomString(BaseClass.java:44)
	at baseTest.BaseClass.RandomString(BaseClass.java:44)
	at baseTest.BaseClass.RandomString(BaseClass.java:44)
	at baseTest.BaseClass.RandomString(BaseClass.java:44)
	at baseTest.BaseClass.RandomString(BaseClass.java:44)
	at baseTest.BaseClass.RandomString(BaseClass.java:44)
	at baseTest.BaseClass.RandomString(BaseClass.java:44)
	at baseTest.BaseClass.RandomString(BaseClass.java:44)
	at baseTest.BaseClass.RandomString(BaseClass.java:44)
	at baseTest.BaseClass.RandomString(BaseClass.java:44)
	at baseTest.BaseClass.RandomString(BaseClass.java:44)
	at baseTest.BaseClass.RandomString(BaseClass.java:44)
	at baseTest.BaseClass.RandomString(BaseClass.java:44)
	at baseTest.BaseClass.RandomString(BaseClass.java:44)
	at baseTest.BaseClass.RandomString(BaseClass.java:44)
	at baseTest.BaseClass.RandomString(BaseClass.java:44)
	at baseTest.BaseClass.RandomString(BaseClass.java:44)
	at baseTest.BaseClass.RandomString(BaseClass.java:44)
	at baseTest.BaseClass.RandomString(BaseClass.java:44)
	at baseTest.BaseClass.RandomString(BaseClass.java:44)
	at baseTest.BaseClass.RandomString(BaseClass.java:44)
	at baseTest.BaseClass.RandomString(BaseClass.java:44)
	at baseTest.BaseClass.RandomString(BaseClass.java:44)
	at baseTest.BaseClass.RandomString(BaseClass.java:44)
	at baseTest.BaseClass.RandomString(BaseClass.java:44)
	at baseTest.BaseClass.RandomString(BaseClass.java:44)
	at baseTest.BaseClass.RandomString(BaseClass.java:44)
	at baseTest.BaseClass.RandomString(BaseClass.java:44)
	at baseTest.BaseClass.RandomString(BaseClass.java:44)
	at baseTest.BaseClass.RandomString(BaseClass.java:44)
	at baseTest.BaseClass.RandomString(BaseClass.java:44)
	at baseTest.BaseClass.RandomString(BaseClass.java:44)
	at baseTest.BaseClass.RandomString(BaseClass.java:44)
	at baseTest.BaseClass.RandomString(BaseClass.java:44)
	at baseTest.BaseClass.RandomString(BaseClass.java:44)
	at baseTest.BaseClass.RandomString(BaseClass.java:44)
	at baseTest.BaseClass.RandomString(BaseClass.java:44)
	at baseTest.BaseClass.RandomString(BaseClass.java:44)
	at baseTest.BaseClass.RandomString(BaseClass.java:44)
	at baseTest.BaseClass.RandomString(BaseClass.java:44)
	at baseTest.BaseClass.RandomString(BaseClass.java:44)
	at baseTest.BaseClass.RandomString(BaseClass.java:44)
	at baseTest.BaseClass.RandomString(BaseClass.java:44)
	at baseTest.BaseClass.RandomString(BaseClass.java:44)
	at baseTest.BaseClass.RandomString(BaseClass.java:44)
	at baseTest.BaseClass.RandomString(BaseClass.java:44)
	at baseTest.BaseClass.RandomString(BaseClass.java:44)
	at baseTest.BaseClass.RandomString(BaseClass.java:44)
	at baseTest.BaseClass.RandomString(BaseClass.java:44)
	at baseTest.BaseClass.RandomString(BaseClass.java:44)
	at baseTest.BaseClass.RandomString(BaseClass.java:44)
	at baseTest.BaseClass.RandomString(BaseClass.java:44)
	at baseTest.BaseClass.RandomString(BaseClass.java:44)
	at baseTest.BaseClass.RandomString(BaseClass.java:44)
	at baseTest.BaseClass.RandomString(BaseClass.java:44)
	at baseTest.BaseClass.RandomString(BaseClass.java:44)
	at baseTest.BaseClass.RandomString(BaseClass.java:44)
	at baseTest.BaseClass.RandomString(BaseClass.java:44)
	at baseTest.BaseClass.RandomString(BaseClass.java:44)
	at baseTest.BaseClass.RandomString(BaseClass.java:44)
	at baseTest.BaseClass.RandomString(BaseClass.java:44)
	at baseTest.BaseClass.RandomString(BaseClass.java:44)
	at baseTest.BaseClass.RandomString(BaseClass.java:44)
	at baseTest.BaseClass.RandomString(BaseClass.java:44)
	at baseTest.BaseClass.RandomString(BaseClass.java:44)
	at baseTest.BaseClass.RandomString(BaseClass.java:44)
	at baseTest.BaseClass.RandomString(BaseClass.java:44)
	at baseTest.BaseClass.RandomString(BaseClass.java:44)
	at baseTest.BaseClass.RandomString(BaseClass.java:44)
	at baseTest.BaseClass.RandomString(BaseClass.java:44)
	at baseTest.BaseClass.RandomString(BaseClass.java:44)
	at baseTest.BaseClass.RandomString(BaseClass.java:44)
	at baseTest.BaseClass.RandomString(BaseClass.java:44)
	at baseTest.BaseClass.RandomString(BaseClass.java:44)
	at baseTest.BaseClass.RandomString(BaseClass.java:44)
	at baseTest.BaseClass.RandomString(BaseClass.java:44)
	at baseTest.BaseClass.RandomString(BaseClass.java:44)
	at baseTest.BaseClass.RandomString(BaseClass.java:44)
	at baseTest.BaseClass.RandomString(BaseClass.java:44)
	at baseTest.BaseClass.RandomString(BaseClass.java:44)
	at baseTest.BaseClass.RandomString(BaseClass.java:44)
	at baseTest.BaseClass.RandomString(BaseClass.java:44)
	at baseTest.BaseClass.RandomString(BaseClass.java:44)
	at baseTest.BaseClass.RandomString(BaseClass.java:44)
	at baseTest.BaseClass.RandomString(BaseClass.java:44)
	at baseTest.BaseClass.RandomString(BaseClass.java:44)
	at baseTest.BaseClass.RandomString(BaseClass.java:44)
	at baseTest.BaseClass.RandomString(BaseClass.java:44)
	at baseTest.BaseClass.RandomString(BaseClass.java:44)
	at baseTest.BaseClass.RandomString(BaseClass.java:44)
	at baseTest.BaseClass.RandomString(BaseClass.java:44)
	at baseTest.BaseClass.RandomString(BaseClass.java:44)
	at baseTest.BaseClass.RandomString(BaseClass.java:44)
	at baseTest.BaseClass.RandomString(BaseClass.java:44)
	at baseTest.BaseClass.RandomString(BaseClass.java:44)
	at baseTest.BaseClass.RandomString(BaseClass.java:44)
	at baseTest.BaseClass.RandomString(BaseClass.java:44)
	at baseTest.BaseClass.RandomString(BaseClass.java:44)
	at baseTest.BaseClass.RandomString(BaseClass.java:44)
	at baseTest.BaseClass.RandomString(BaseClass.java:44)
	at baseTest.BaseClass.RandomString(BaseClass.java:44)
	at baseTest.BaseClass.RandomString(BaseClass.java:44)
	at baseTest.BaseClass.RandomString(BaseClass.java:44)
	at baseTest.BaseClass.RandomString(BaseClass.java:44)
	at baseTest.BaseClass.RandomString(BaseClass.java:44)
	at baseTest.BaseClass.RandomString(BaseClass.java:44)
	at baseTest.BaseClass.RandomString(BaseClass.java:44)
	at baseTest.BaseClass.RandomString(BaseClass.java:44)
	at baseTest.BaseClass.RandomString(BaseClass.java:44)
	at baseTest.BaseClass.RandomString(BaseClass.java:44)
	at baseTest.BaseClass.RandomString(BaseClass.java:44)
	at baseTest.BaseClass.RandomString(BaseClass.java:44)
	at baseTest.BaseClass.RandomString(BaseClass.java:44)
	at baseTest.BaseClass.RandomString(BaseClass.java:44)
	at baseTest.BaseClass.RandomString(BaseClass.java:44)
	at baseTest.BaseClass.RandomString(BaseClass.java:44)
	at baseTest.BaseClass.RandomString(BaseClass.java:44)
	at baseTest.BaseClass.RandomString(BaseClass.java:44)
	at baseTest.BaseClass.RandomString(BaseClass.java:44)
	at baseTest.BaseClass.RandomString(BaseClass.java:44)
	at baseTest.BaseClass.RandomString(BaseClass.java:44)
	at baseTest.BaseClass.RandomString(BaseClass.java:44)
	at baseTest.BaseClass.RandomString(BaseClass.java:44)
	at baseTest.BaseClass.RandomString(BaseClass.java:44)
	at baseTest.BaseClass.RandomString(BaseClass.java:44)
	at baseTest.BaseClass.RandomString(BaseClass.java:44)
	at baseTest.BaseClass.RandomString(BaseClass.java:44)
	at baseTest.BaseClass.RandomString(BaseClass.java:44)
	at baseTest.BaseClass.RandomString(BaseClass.java:44)
	at baseTest.BaseClass.RandomString(BaseClass.java:44)
	at baseTest.BaseClass.RandomString(BaseClass.java:44)
	at baseTest.BaseClass.RandomString(BaseClass.java:44)
	at baseTest.BaseClass.RandomString(BaseClass.java:44)
	at baseTest.BaseClass.RandomString(BaseClass.java:44)
	at baseTest.BaseClass.RandomString(BaseClass.java:44)
	at baseTest.BaseClass.RandomString(BaseClass.java:44)
	at baseTest.BaseClass.RandomString(BaseClass.java:44)
	at baseTest.BaseClass.RandomString(BaseClass.java:44)
	at baseTest.BaseClass.RandomString(BaseClass.java:44)
	at baseTest.BaseClass.RandomString(BaseClass.java:44)
	at baseTest.BaseClass.RandomString(BaseClass.java:44)
	at baseTest.BaseClass.RandomString(BaseClass.java:44)
	at baseTest.BaseClass.RandomString(BaseClass.java:44)
	at baseTest.BaseClass.RandomString(BaseClass.java:44)
	at baseTest.BaseClass.RandomString(BaseClass.java:44)
	at baseTest.BaseClass.RandomString(BaseClass.java:44)
	at baseTest.BaseClass.RandomString(BaseClass.java:44)
	at baseTest.BaseClass.RandomString(BaseClass.java:44)
	at baseTest.BaseClass.RandomString(BaseClass.java:44)
	at baseTest.BaseClass.RandomString(BaseClass.java:44)
	at baseTest.BaseClass.RandomString(BaseClass.java:44)
	at baseTest.BaseClass.RandomString(BaseClass.java:44)
	at baseTest.BaseClass.RandomString(BaseClass.java:44)
	at baseTest.BaseClass.RandomString(BaseClass.java:44)
	at baseTest.BaseClass.RandomString(BaseClass.java:44)
	at baseTest.BaseClass.RandomString(BaseClass.java:44)
	at baseTest.BaseClass.RandomString(BaseClass.java:44)
	at baseTest.BaseClass.RandomString(BaseClass.java:44)
	at baseTest.BaseClass.RandomString(BaseClass.java:44)
	at baseTest.BaseClass.RandomString(BaseClass.java:44)
	at baseTest.BaseClass.RandomString(BaseClass.java:44)
	at baseTest.BaseClass.RandomString(BaseClass.java:44)
	at baseTest.BaseClass.RandomString(BaseClass.java:44)
	at baseTest.BaseClass.RandomString(BaseClass.java:44)
	at baseTest.BaseClass.RandomString(BaseClass.java:44)
	at baseTest.BaseClass.RandomString(BaseClass.java:44)
	at baseTest.BaseClass.RandomString(BaseClass.java:44)
	at baseTest.BaseClass.RandomString(BaseClass.java:44)
	at baseTest.BaseClass.RandomString(BaseClass.java:44)
	at baseTest.BaseClass.RandomString(BaseClass.java:44)
	at baseTest.BaseClass.RandomString(BaseClass.java:44)
	at baseTest.BaseClass.RandomString(BaseClass.java:44)
	at baseTest.BaseClass.RandomString(BaseClass.java:44)
	at baseTest.BaseClass.RandomString(BaseClass.java:44)
	at baseTest.BaseClass.RandomString(BaseClass.java:44)
	at baseTest.BaseClass.RandomString(BaseClass.java:44)
	at baseTest.BaseClass.RandomString(BaseClass.java:44)
	at baseTest.BaseClass.RandomString(BaseClass.java:44)
	at baseTest.BaseClass.RandomString(BaseClass.java:44)
	at baseTest.BaseClass.RandomString(BaseClass.java:44)
	at baseTest.BaseClass.RandomString(BaseClass.java:44)
	at baseTest.BaseClass.RandomString(BaseClass.java:44)
	at baseTest.BaseClass.RandomString(BaseClass.java:44)
	at baseTest.BaseClass.RandomString(BaseClass.java:44)
	at baseTest.BaseClass.RandomString(BaseClass.java:44)
	at baseTest.BaseClass.RandomString(BaseClass.java:44)
	at baseTest.BaseClass.RandomString(BaseClass.java:44)
	at baseTest.BaseClass.RandomString(BaseClass.java:44)
	at baseTest.BaseClass.RandomString(BaseClass.java:44)
	at baseTest.BaseClass.RandomString(BaseClass.java:44)
	at baseTest.BaseClass.RandomString(BaseClass.java:44)
	at baseTest.BaseClass.RandomString(BaseClass.java:44)
	at baseTest.BaseClass.RandomString(BaseClass.java:44)
	at baseTest.BaseClass.RandomString(BaseClass.java:44)
	at baseTest.BaseClass.RandomString(BaseClass.java:44)
	at baseTest.BaseClass.RandomString(BaseClass.java:44)
	at baseTest.BaseClass.RandomString(BaseClass.java:44)
	at baseTest.BaseClass.RandomString(BaseClass.java:44)
	at baseTest.BaseClass.RandomString(BaseClass.java:44)
	at baseTest.BaseClass.RandomString(BaseClass.java:44)
	at baseTest.BaseClass.RandomString(BaseClass.java:44)
	at baseTest.BaseClass.RandomString(BaseClass.java:44)
	at baseTest.BaseClass.RandomString(BaseClass.java:44)
	at baseTest.BaseClass.RandomString(BaseClass.java:44)
	at baseTest.BaseClass.RandomString(BaseClass.java:44)
	at baseTest.BaseClass.RandomString(BaseClass.java:44)
	at baseTest.BaseClass.RandomString(BaseClass.java:44)
	at baseTest.BaseClass.RandomString(BaseClass.java:44)
	at baseTest.BaseClass.RandomString(BaseClass.java:44)
	at baseTest.BaseClass.RandomString(BaseClass.java:44)
	at baseTest.BaseClass.RandomString(BaseClass.java:44)
	at baseTest.BaseClass.RandomString(BaseClass.java:44)
	at baseTest.BaseClass.RandomString(BaseClass.java:44)
	at baseTest.BaseClass.RandomString(BaseClass.java:44)
	at baseTest.BaseClass.RandomString(BaseClass.java:44)
	at baseTest.BaseClass.RandomString(BaseClass.java:44)
	at baseTest.BaseClass.RandomString(BaseClass.java:44)
	at baseTest.BaseClass.RandomString(BaseClass.java:44)
	at baseTest.BaseClass.RandomString(BaseClass.java:44)
	at baseTest.BaseClass.RandomString(BaseClass.java:44)
	at baseTest.BaseClass.RandomString(BaseClass.java:44)
	at baseTest.BaseClass.RandomString(BaseClass.java:44)
	at baseTest.BaseClass.RandomString(BaseClass.java:44)
	at baseTest.BaseClass.RandomString(BaseClass.java:44)
	at baseTest.BaseClass.RandomString(BaseClass.java:44)
	at baseTest.BaseClass.RandomString(BaseClass.java:44)
	at baseTest.BaseClass.RandomString(BaseClass.java:44)
	at baseTest.BaseClass.RandomString(BaseClass.java:44)
	at baseTest.BaseClass.RandomString(BaseClass.java:44)
	at baseTest.BaseClass.RandomString(BaseClass.java:44)
	at baseTest.BaseClass.RandomString(BaseClass.java:44)
	at baseTest.BaseClass.RandomString(BaseClass.java:44)
	at baseTest.BaseClass.RandomString(BaseClass.java:44)
	at baseTest.BaseClass.RandomString(BaseClass.java:44)
	at baseTest.BaseClass.RandomString(BaseClass.java:44)
	at baseTest.BaseClass.RandomString(BaseClass.java:44)
	at baseTest.BaseClass.RandomString(BaseClass.java:44)
	at baseTest.BaseClass.RandomString(BaseClass.java:44)
	at baseTest.BaseClass.RandomString(BaseClass.java:44)
	at baseTest.BaseClass.RandomString(BaseClass.java:44)
	at baseTest.BaseClass.RandomString(BaseClass.java:44)
	at baseTest.BaseClass.RandomString(BaseClass.java:44)
	at baseTest.BaseClass.RandomString(BaseClass.java:44)
	at baseTest.BaseClass.RandomString(BaseClass.java:44)
	at baseTest.BaseClass.RandomString(BaseClass.java:44)
	at baseTest.BaseClass.RandomString(BaseClass.java:44)
	at baseTest.BaseClass.RandomString(BaseClass.java:44)
	at baseTest.BaseClass.RandomString(BaseClass.java:44)
	at baseTest.BaseClass.RandomString(BaseClass.java:44)
	at baseTest.BaseClass.RandomString(BaseClass.java:44)
	at baseTest.BaseClass.RandomString(BaseClass.java:44)
	at baseTest.BaseClass.RandomString(BaseClass.java:44)
	at baseTest.BaseClass.RandomString(BaseClass.java:44)
	at baseTest.BaseClass.RandomString(BaseClass.java:44)
	at baseTest.BaseClass.RandomString(BaseClass.java:44)
	at baseTest.BaseClass.RandomString(BaseClass.java:44)
	at baseTest.BaseClass.RandomString(BaseClass.java:44)
	at baseTest.BaseClass.RandomString(BaseClass.java:44)
	at baseTest.BaseClass.RandomString(BaseClass.java:44)
	at baseTest.BaseClass.RandomString(BaseClass.java:44)
	at baseTest.BaseClass.RandomString(BaseClass.java:44)
	at baseTest.BaseClass.RandomString(BaseClass.java:44)
	at baseTest.BaseClass.RandomString(BaseClass.java:44)
	at baseTest.BaseClass.RandomString(BaseClass.java:44)
	at baseTest.BaseClass.RandomString(BaseClass.java:44)
	at baseTest.BaseClass.RandomString(BaseClass.java:44)
	at baseTest.BaseClass.RandomString(BaseClass.java:44)
	at baseTest.BaseClass.RandomString(BaseClass.java:44)
	at baseTest.BaseClass.RandomString(BaseClass.java:44)
	at baseTest.BaseClass.RandomString(BaseClass.java:44)
	at baseTest.BaseClass.RandomString(BaseClass.java:44)
	at baseTest.BaseClass.RandomString(BaseClass.java:44)
	at baseTest.BaseClass.RandomString(BaseClass.java:44)
	at baseTest.BaseClass.RandomString(BaseClass.java:44)
	at baseTest.BaseClass.RandomString(BaseClass.java:44)
	at baseTest.BaseClass.RandomString(BaseClass.java:44)
	at baseTest.BaseClass.RandomString(BaseClass.java:44)
	at baseTest.BaseClass.RandomString(BaseClass.java:44)
	at baseTest.BaseClass.RandomString(BaseClass.java:44)
	at baseTest.BaseClass.RandomString(BaseClass.java:44)
	at baseTest.BaseClass.RandomString(BaseClass.java:44)
	at baseTest.BaseClass.RandomString(BaseClass.java:44)
	at baseTest.BaseClass.RandomString(BaseClass.java:44)
	at baseTest.BaseClass.RandomString(BaseClass.java:44)
	at baseTest.BaseClass.RandomString(BaseClass.java:44)
	at baseTest.BaseClass.RandomString(BaseClass.java:44)
	at baseTest.BaseClass.RandomString(BaseClass.java:44)
	at baseTest.BaseClass.RandomString(BaseClass.java:44)
	at baseTest.BaseClass.RandomString(BaseClass.java:44)
	at baseTest.BaseClass.RandomString(BaseClass.java:44)
	at baseTest.BaseClass.RandomString(BaseClass.java:44)
	at baseTest.BaseClass.RandomString(BaseClass.java:44)
	at baseTest.BaseClass.RandomString(BaseClass.java:44)
	at baseTest.BaseClass.RandomString(BaseClass.java:44)
	at baseTest.BaseClass.RandomString(BaseClass.java:44)
	at baseTest.BaseClass.RandomString(BaseClass.java:44)

